[2020-08-26T02:53:23+0300] [PACMAN] Running 'pacman -r work/x86_64/airootfs -Sy --noconfirm --config=work/pacman.conf base syslinux'
[2020-08-26T02:53:23+0300] [PACMAN] synchronizing package lists
[2020-08-26T02:54:12+0300] [ALPM] transaction started
[2020-08-26T02:54:12+0300] [ALPM] installed iana-etc (20200812-1)
[2020-08-26T02:54:12+0300] [ALPM] installed filesystem (2020.08.21-1)
[2020-08-26T02:54:12+0300] [ALPM] installed linux-api-headers (5.7-1)
[2020-08-26T02:54:13+0300] [ALPM] installed tzdata (2020a-1)
[2020-08-26T02:54:13+0300] [ALPM] installed glibc (2.32-2)
[2020-08-26T02:54:13+0300] [ALPM] installed gcc-libs (10.2.0-1)
[2020-08-26T02:54:14+0300] [ALPM] installed ncurses (6.2-1)
[2020-08-26T02:54:14+0300] [ALPM] installed readline (8.0.004-1)
[2020-08-26T02:54:14+0300] [ALPM] installed bash (5.0.018-1)
[2020-08-26T02:54:14+0300] [ALPM] installed attr (2.4.48-3)
[2020-08-26T02:54:14+0300] [ALPM] installed acl (2.2.53-3)
[2020-08-26T02:54:14+0300] [ALPM] installed gmp (6.2.0-1)
[2020-08-26T02:54:14+0300] [ALPM] installed libcap (2.42-1)
[2020-08-26T02:54:14+0300] [ALPM] installed gdbm (1.18.1-3)
[2020-08-26T02:54:14+0300] [ALPM] installed db (5.3.28-5)
[2020-08-26T02:54:14+0300] [ALPM] installed perl (5.32.0-1)
[2020-08-26T02:54:14+0300] [ALPM] installed openssl (1.1.1.g-2)
[2020-08-26T02:54:15+0300] [ALPM] installed coreutils (8.32-1)
[2020-08-26T02:54:15+0300] [ALPM] installed zlib (1:1.2.11-4)
[2020-08-26T02:54:15+0300] [ALPM] installed xz (5.2.5-1)
[2020-08-26T02:54:15+0300] [ALPM] installed bzip2 (1.0.8-3)
[2020-08-26T02:54:15+0300] [ALPM] installed libseccomp (2.4.2-1)
[2020-08-26T02:54:15+0300] [ALPM] installed file (5.39-1)
[2020-08-26T02:54:15+0300] [ALPM] installed findutils (4.7.0-2)
[2020-08-26T02:54:15+0300] [ALPM] installed mpfr (4.1.0-1)
[2020-08-26T02:54:15+0300] [ALPM] installed gawk (5.1.0-1)
[2020-08-26T02:54:15+0300] [ALPM] installed pcre (8.44-1)
[2020-08-26T02:54:15+0300] [ALPM] installed grep (3.4-1)
[2020-08-26T02:54:15+0300] [ALPM] installed libgpg-error (1.39-1)
[2020-08-26T02:54:15+0300] [ALPM] installed libgcrypt (1.8.6-1)
[2020-08-26T02:54:15+0300] [ALPM] installed lz4 (1:1.9.2-2)
[2020-08-26T02:54:15+0300] [ALPM] installed zstd (1.4.5-1)
[2020-08-26T02:54:15+0300] [ALPM] installed systemd-libs (246.2-2)
[2020-08-26T02:54:15+0300] [ALPM] installed procps-ng (3.3.16-2)
[2020-08-26T02:54:15+0300] [ALPM] installed sed (4.8-1)
[2020-08-26T02:54:15+0300] [ALPM] installed tar (1.32-3)
[2020-08-26T02:54:15+0300] [ALPM] installed libffi (3.3-3)
[2020-08-26T02:54:15+0300] [ALPM] installed libutil-linux (2.36-2)
[2020-08-26T02:54:15+0300] [ALPM] installed glib2 (2.64.5-1)
[2020-08-26T02:54:15+0300] [ALPM] installed libunistring (0.9.10-2)
[2020-08-26T02:54:15+0300] [ALPM] installed icu (67.1-1)
[2020-08-26T02:54:15+0300] [ALPM] installed libxml2 (2.9.10-2)
[2020-08-26T02:54:15+0300] [ALPM] installed libcroco (0.6.13-2)
[2020-08-26T02:54:15+0300] [ALPM] installed gettext (0.20.2-1)
[2020-08-26T02:54:15+0300] [ALPM] installed hwids (20200813.1-1)
[2020-08-26T02:54:15+0300] [ALPM] installed kmod (27-1)
[2020-08-26T02:54:15+0300] [ALPM] installed pciutils (3.7.0-1)
[2020-08-26T02:54:15+0300] [ALPM] installed psmisc (23.3-2)
[2020-08-26T02:54:15+0300] [ALPM] installed e2fsprogs (1.45.6-2)
[2020-08-26T02:54:15+0300] [ALPM] installed libsasl (2.1.27-3)
[2020-08-26T02:54:15+0300] [ALPM] installed libldap (2.4.50-2)
[2020-08-26T02:54:15+0300] [ALPM] installed keyutils (1.6.3-1)
[2020-08-26T02:54:15+0300] [ALPM] installed krb5 (1.18.2-1)
[2020-08-26T02:54:16+0300] [ALPM] installed libtirpc (1.2.6-1)
[2020-08-26T02:54:16+0300] [ALPM] installed pambase (20200721.1-2)
[2020-08-26T02:54:16+0300] [ALPM] installed libcap-ng (0.7.10-1)
[2020-08-26T02:54:16+0300] [ALPM] installed audit (2.8.5-6)
[2020-08-26T02:54:16+0300] [ALPM] installed pam (1.4.0-3)
[2020-08-26T02:54:16+0300] [ALPM] installed shadow (4.8.1-3)
[2020-08-26T02:54:16+0300] [ALPM] installed libxcrypt (4.4.16-3)
[2020-08-26T02:54:16+0300] [ALPM] installed util-linux (2.36-2)
[2020-08-26T02:54:16+0300] [ALPM] installed less (551-3)
[2020-08-26T02:54:16+0300] [ALPM] installed gzip (1.10-3)
[2020-08-26T02:54:16+0300] [ALPM] installed licenses (20200427-1)
[2020-08-26T02:54:16+0300] [ALPM] installed expat (2.2.9-3)
[2020-08-26T02:54:16+0300] [ALPM] installed libarchive (3.4.3-1)
[2020-08-26T02:54:16+0300] [ALPM] installed libtasn1 (4.16.0-1)
[2020-08-26T02:54:16+0300] [ALPM] installed libp11-kit (0.23.21-1)
[2020-08-26T02:54:16+0300] [ALPM] installed p11-kit (0.23.21-1)
[2020-08-26T02:54:16+0300] [ALPM] installed ca-certificates-utils (20181109-4)
[2020-08-26T02:54:16+0300] [ALPM] installed ca-certificates-mozilla (3.56-1)
[2020-08-26T02:54:16+0300] [ALPM] installed ca-certificates (20181109-4)
[2020-08-26T02:54:16+0300] [ALPM] installed libssh2 (1.9.0-2)
[2020-08-26T02:54:16+0300] [ALPM] installed libidn2 (2.3.0-1)
[2020-08-26T02:54:16+0300] [ALPM] installed libpsl (0.21.0-2)
[2020-08-26T02:54:16+0300] [ALPM] installed libnghttp2 (1.41.0-1)
[2020-08-26T02:54:16+0300] [ALPM] installed curl (7.72.0-2)
[2020-08-26T02:54:16+0300] [ALPM] installed npth (1.6-2)
[2020-08-26T02:54:16+0300] [ALPM] installed libksba (1.4.0-1)
[2020-08-26T02:54:16+0300] [ALPM] installed libassuan (2.5.3-2)
[2020-08-26T02:54:16+0300] [ALPM] installed libsecret (0.20.3-1)
[2020-08-26T02:54:16+0300] [ALPM] installed pinentry (1.1.0-5)
[2020-08-26T02:54:16+0300] [ALPM] installed nettle (3.6-1)
[2020-08-26T02:54:16+0300] [ALPM] installed gnutls (3.6.14-2)
[2020-08-26T02:54:16+0300] [ALPM] installed sqlite (3.33.0-2)
[2020-08-26T02:54:16+0300] [ALPM] installed gnupg (2.2.21-1)
[2020-08-26T02:54:16+0300] [ALPM] installed gpgme (1.14.0-1)
[2020-08-26T02:54:16+0300] [ALPM] installed pacman-mirrorlist (20200801-1)
[2020-08-26T02:54:16+0300] [ALPM] installed archlinux-keyring (20200820-1)
[2020-08-26T02:54:16+0300] [ALPM] installed pacman (5.2.2-1)
[2020-08-26T02:54:16+0300] [ALPM] installed device-mapper (2.02.187-3)
[2020-08-26T02:54:16+0300] [ALPM] installed popt (1.18-1)
[2020-08-26T02:54:16+0300] [ALPM] installed json-c (0.15-1)
[2020-08-26T02:54:16+0300] [ALPM] installed argon2 (20190702-3)
[2020-08-26T02:54:16+0300] [ALPM] installed cryptsetup (2.3.3-1)
[2020-08-26T02:54:16+0300] [ALPM] installed dbus (1.12.20-1)
[2020-08-26T02:54:16+0300] [ALPM] installed libmnl (1.0.4-3)
[2020-08-26T02:54:16+0300] [ALPM] installed libnftnl (1.1.7-1)
[2020-08-26T02:54:16+0300] [ALPM] installed libnl (3.5.0-2)
[2020-08-26T02:54:16+0300] [ALPM] installed libusb (1.0.23-2)
[2020-08-26T02:54:16+0300] [ALPM] installed libpcap (1.9.1-2)
[2020-08-26T02:54:16+0300] [ALPM] installed libnfnetlink (1.0.1-4)
[2020-08-26T02:54:16+0300] [ALPM] installed libnetfilter_conntrack (1.0.8-1)
[2020-08-26T02:54:17+0300] [ALPM] installed iptables (1:1.8.5-2)
[2020-08-26T02:54:17+0300] [ALPM] installed kbd (2.3.0-2)
[2020-08-26T02:54:17+0300] [ALPM] installed libelf (0.180-1)
[2020-08-26T02:54:17+0300] [ALPM] installed pcre2 (10.35-1)
[2020-08-26T02:54:17+0300] [ALPM] installed systemd (246.2-2)
[2020-08-26T02:54:17+0300] [ALPM-SCRIPTLET] Initializing machine ID from random generator.
[2020-08-26T02:54:17+0300] [ALPM-SCRIPTLET] Creating group sys with gid 3.
[2020-08-26T02:54:17+0300] [ALPM-SCRIPTLET] Creating group mem with gid 8.
[2020-08-26T02:54:17+0300] [ALPM-SCRIPTLET] Creating group ftp with gid 11.
[2020-08-26T02:54:17+0300] [ALPM-SCRIPTLET] Creating group mail with gid 12.
[2020-08-26T02:54:17+0300] [ALPM-SCRIPTLET] Creating group log with gid 19.
[2020-08-26T02:54:17+0300] [ALPM-SCRIPTLET] Creating group smmsp with gid 25.
[2020-08-26T02:54:17+0300] [ALPM-SCRIPTLET] Creating group proc with gid 26.
[2020-08-26T02:54:17+0300] [ALPM-SCRIPTLET] Creating group games with gid 50.
[2020-08-26T02:54:17+0300] [ALPM-SCRIPTLET] Creating group lock with gid 54.
[2020-08-26T02:54:17+0300] [ALPM-SCRIPTLET] Creating group network with gid 90.
[2020-08-26T02:54:17+0300] [ALPM-SCRIPTLET] Creating group floppy with gid 94.
[2020-08-26T02:54:17+0300] [ALPM-SCRIPTLET] Creating group scanner with gid 96.
[2020-08-26T02:54:17+0300] [ALPM-SCRIPTLET] Creating group power with gid 98.
[2020-08-26T02:54:17+0300] [ALPM-SCRIPTLET] Creating group adm with gid 999.
[2020-08-26T02:54:17+0300] [ALPM-SCRIPTLET] Creating group wheel with gid 998.
[2020-08-26T02:54:17+0300] [ALPM-SCRIPTLET] Creating group kmem with gid 997.
[2020-08-26T02:54:17+0300] [ALPM-SCRIPTLET] Creating group tty with gid 5.
[2020-08-26T02:54:17+0300] [ALPM-SCRIPTLET] Creating group utmp with gid 996.
[2020-08-26T02:54:17+0300] [ALPM-SCRIPTLET] Creating group audio with gid 995.
[2020-08-26T02:54:17+0300] [ALPM-SCRIPTLET] Creating group disk with gid 994.
[2020-08-26T02:54:17+0300] [ALPM-SCRIPTLET] Creating group input with gid 993.
[2020-08-26T02:54:17+0300] [ALPM-SCRIPTLET] Creating group kvm with gid 992.
[2020-08-26T02:54:17+0300] [ALPM-SCRIPTLET] Creating group lp with gid 991.
[2020-08-26T02:54:17+0300] [ALPM-SCRIPTLET] Creating group optical with gid 990.
[2020-08-26T02:54:17+0300] [ALPM-SCRIPTLET] Creating group render with gid 989.
[2020-08-26T02:54:17+0300] [ALPM-SCRIPTLET] Creating group storage with gid 988.
[2020-08-26T02:54:17+0300] [ALPM-SCRIPTLET] Creating group uucp with gid 987.
[2020-08-26T02:54:17+0300] [ALPM-SCRIPTLET] Creating group video with gid 986.
[2020-08-26T02:54:17+0300] [ALPM-SCRIPTLET] Creating group users with gid 985.
[2020-08-26T02:54:17+0300] [ALPM-SCRIPTLET] Creating group systemd-journal with gid 984.
[2020-08-26T02:54:17+0300] [ALPM-SCRIPTLET] Creating group rfkill with gid 983.
[2020-08-26T02:54:17+0300] [ALPM-SCRIPTLET] Creating group bin with gid 1.
[2020-08-26T02:54:17+0300] [ALPM-SCRIPTLET] Creating user bin (n/a) with uid 1 and gid 1.
[2020-08-26T02:54:17+0300] [ALPM-SCRIPTLET] Creating group daemon with gid 2.
[2020-08-26T02:54:17+0300] [ALPM-SCRIPTLET] Creating user daemon (n/a) with uid 2 and gid 2.
[2020-08-26T02:54:17+0300] [ALPM-SCRIPTLET] Creating user mail (n/a) with uid 8 and gid 12.
[2020-08-26T02:54:17+0300] [ALPM-SCRIPTLET] Creating user ftp (n/a) with uid 14 and gid 11.
[2020-08-26T02:54:17+0300] [ALPM-SCRIPTLET] Creating group http with gid 33.
[2020-08-26T02:54:17+0300] [ALPM-SCRIPTLET] Creating user http (n/a) with uid 33 and gid 33.
[2020-08-26T02:54:17+0300] [ALPM-SCRIPTLET] Creating group nobody with gid 65534.
[2020-08-26T02:54:17+0300] [ALPM-SCRIPTLET] Creating user nobody (Nobody) with uid 65534 and gid 65534.
[2020-08-26T02:54:17+0300] [ALPM-SCRIPTLET] Creating group dbus with gid 81.
[2020-08-26T02:54:17+0300] [ALPM-SCRIPTLET] Creating user dbus (System Message Bus) with uid 81 and gid 81.
[2020-08-26T02:54:17+0300] [ALPM-SCRIPTLET] Creating group systemd-journal-remote with gid 982.
[2020-08-26T02:54:17+0300] [ALPM-SCRIPTLET] Creating user systemd-journal-remote (systemd Journal Remote) with uid 982 and gid 982.
[2020-08-26T02:54:17+0300] [ALPM-SCRIPTLET] Creating group systemd-network with gid 981.
[2020-08-26T02:54:17+0300] [ALPM-SCRIPTLET] Creating user systemd-network (systemd Network Management) with uid 981 and gid 981.
[2020-08-26T02:54:17+0300] [ALPM-SCRIPTLET] Creating group systemd-resolve with gid 980.
[2020-08-26T02:54:17+0300] [ALPM-SCRIPTLET] Creating user systemd-resolve (systemd Resolver) with uid 980 and gid 980.
[2020-08-26T02:54:17+0300] [ALPM-SCRIPTLET] Creating group systemd-timesync with gid 979.
[2020-08-26T02:54:17+0300] [ALPM-SCRIPTLET] Creating user systemd-timesync (systemd Time Synchronization) with uid 979 and gid 979.
[2020-08-26T02:54:17+0300] [ALPM-SCRIPTLET] Creating group systemd-coredump with gid 978.
[2020-08-26T02:54:17+0300] [ALPM-SCRIPTLET] Creating user systemd-coredump (systemd Core Dumper) with uid 978 and gid 978.
[2020-08-26T02:54:17+0300] [ALPM-SCRIPTLET] Creating group uuidd with gid 68.
[2020-08-26T02:54:17+0300] [ALPM-SCRIPTLET] Creating user uuidd (n/a) with uid 68 and gid 68.
[2020-08-26T02:54:17+0300] [ALPM-SCRIPTLET] Created symlink /etc/systemd/system/getty.target.wants/getty@tty1.service → /usr/lib/systemd/system/getty@.service.
[2020-08-26T02:54:17+0300] [ALPM-SCRIPTLET] Created symlink /etc/systemd/system/multi-user.target.wants/remote-fs.target → /usr/lib/systemd/system/remote-fs.target.
[2020-08-26T02:54:17+0300] [ALPM-SCRIPTLET] :: Append 'init=/usr/lib/systemd/systemd' to your kernel command line in your
[2020-08-26T02:54:17+0300] [ALPM-SCRIPTLET]    bootloader to replace sysvinit with systemd, or install systemd-sysvcompat
[2020-08-26T02:54:17+0300] [ALPM] installed systemd-sysvcompat (246.2-2)
[2020-08-26T02:54:17+0300] [ALPM] installed iputils (20190709-3)
[2020-08-26T02:54:17+0300] [ALPM] installed iproute2 (5.8.0-1)
[2020-08-26T02:54:17+0300] [ALPM] installed base (2-2)
[2020-08-26T02:54:17+0300] [ALPM] installed syslinux (6.04.pre2.r11.gbf6db5b4-3)
[2020-08-26T02:54:17+0300] [ALPM-SCRIPTLET] 
[2020-08-26T02:54:17+0300] [ALPM-SCRIPTLET] ==> For setting up Syslinux BIOS using the syslinux-install_update script follow
[2020-08-26T02:54:17+0300] [ALPM-SCRIPTLET]     https://wiki.archlinux.org/index.php/Syslinux#Automatic_Install
[2020-08-26T02:54:17+0300] [ALPM] transaction completed
[2020-08-26T02:54:17+0300] [ALPM] running '20-systemd-sysusers.hook'...
[2020-08-26T02:54:17+0300] [ALPM] running '30-systemd-catalog.hook'...
[2020-08-26T02:54:17+0300] [ALPM] running '30-systemd-daemon-reload.hook'...
[2020-08-26T02:54:17+0300] [ALPM-SCRIPTLET] Running in chroot, ignoring command 'daemon-reload'
[2020-08-26T02:54:17+0300] [ALPM] running '30-systemd-hwdb.hook'...
[2020-08-26T02:54:18+0300] [ALPM] running '30-systemd-sysctl.hook'...
[2020-08-26T02:54:18+0300] [ALPM-SCRIPTLET] Not setting net/ipv4/conf/all/rp_filter (explicit setting exists).
[2020-08-26T02:54:18+0300] [ALPM-SCRIPTLET] Not setting net/ipv4/conf/default/rp_filter (explicit setting exists).
[2020-08-26T02:54:18+0300] [ALPM-SCRIPTLET] Not setting net/ipv4/conf/all/accept_source_route (explicit setting exists).
[2020-08-26T02:54:18+0300] [ALPM-SCRIPTLET] Not setting net/ipv4/conf/default/accept_source_route (explicit setting exists).
[2020-08-26T02:54:18+0300] [ALPM-SCRIPTLET] Not setting net/ipv4/conf/all/promote_secondaries (explicit setting exists).
[2020-08-26T02:54:18+0300] [ALPM-SCRIPTLET] Not setting net/ipv4/conf/default/promote_secondaries (explicit setting exists).
[2020-08-26T02:54:18+0300] [ALPM] running '30-systemd-tmpfiles.hook'...
[2020-08-26T02:54:18+0300] [ALPM] running '30-systemd-udev-reload.hook'...
[2020-08-26T02:54:18+0300] [ALPM-SCRIPTLET] Running in chroot, ignoring request.
[2020-08-26T02:54:18+0300] [ALPM] running '30-systemd-update.hook'...
[2020-08-26T02:54:18+0300] [ALPM] running '40-update-ca-trust.hook'...
[2020-08-26T02:54:18+0300] [ALPM] running 'dbus-reload.hook'...
[2020-08-26T02:54:18+0300] [ALPM-SCRIPTLET] Running in chroot, ignoring command 'try-reload-or-restart'
[2020-08-26T02:54:18+0300] [ALPM] running 'detect-old-perl-modules.hook'...
[2020-08-26T02:54:18+0300] [ALPM-SCRIPTLET] perl: warning: Setting locale failed.
[2020-08-26T02:54:18+0300] [ALPM-SCRIPTLET] perl: warning: Please check that your locale settings:
[2020-08-26T02:54:18+0300] [ALPM-SCRIPTLET] 	LANGUAGE = "en_US.UTF-8",
[2020-08-26T02:54:18+0300] [ALPM-SCRIPTLET] 	LC_ALL = (unset),
[2020-08-26T02:54:18+0300] [ALPM-SCRIPTLET] 	LC_MESSAGES = "en_US.UTF-8",
[2020-08-26T02:54:18+0300] [ALPM-SCRIPTLET] 	LANG = "C"
[2020-08-26T02:54:18+0300] [ALPM-SCRIPTLET]     are supported and installed on your system.
[2020-08-26T02:54:18+0300] [ALPM-SCRIPTLET] perl: warning: Falling back to the standard locale ("C").
[2020-08-26T02:54:18+0300] [PACMAN] Running 'pacman -r work/x86_64/airootfs -Sy --noconfirm --config=work/pacman.conf haveged intel-ucode amd-ucode memtest86+ mkinitcpio mkinitcpio-archiso mkinitcpio-nfs-utils nbd'
[2020-08-26T02:54:18+0300] [PACMAN] synchronizing package lists
[2020-08-26T02:54:22+0300] [ALPM] transaction started
[2020-08-26T02:54:22+0300] [ALPM] installed haveged (1.9.13-1)
[2020-08-26T02:54:22+0300] [ALPM] installed intel-ucode (20200616-1)
[2020-08-26T02:54:22+0300] [ALPM] installed amd-ucode (20200817.7a30af1-1)
[2020-08-26T02:54:22+0300] [ALPM] installed memtest86+ (5.01-4)
[2020-08-26T02:54:22+0300] [ALPM] installed mkinitcpio-busybox (1.31.1-1)
[2020-08-26T02:54:22+0300] [ALPM] installed diffutils (3.7-3)
[2020-08-26T02:54:22+0300] [ALPM] installed mkinitcpio (28-1)
[2020-08-26T02:54:22+0300] [ALPM] installed mkinitcpio-archiso (47.1-1)
[2020-08-26T02:54:22+0300] [ALPM] installed mkinitcpio-nfs-utils (0.3-7)
[2020-08-26T02:54:22+0300] [ALPM] installed nbd (3.20-2)
[2020-08-26T02:54:22+0300] [ALPM] transaction completed
[2020-08-26T02:54:22+0300] [ALPM] running '20-systemd-sysusers.hook'...
[2020-08-26T02:54:22+0300] [ALPM-SCRIPTLET] Creating group nbd with gid 977.
[2020-08-26T02:54:22+0300] [ALPM-SCRIPTLET] Creating user nbd (Network Block Device) with uid 977 and gid 977.
[2020-08-26T02:54:22+0300] [ALPM] running '30-systemd-daemon-reload.hook'...
[2020-08-26T02:54:22+0300] [ALPM-SCRIPTLET] Running in chroot, ignoring command 'daemon-reload'
[2020-08-26T02:54:22+0300] [ALPM] running '30-systemd-tmpfiles.hook'...
[2020-08-26T02:54:22+0300] [ALPM] running '30-systemd-update.hook'...
[2020-08-26T02:54:22+0300] [ALPM] running '90-mkinitcpio-install.hook'...
[2020-08-26T02:54:22+0300] [PACMAN] Running 'pacman -r work/x86_64/airootfs -Sy --noconfirm --config=work/pacman.conf base base-devel accountsservice appstream archlinux-appstream-data archlinux-keyring b43-fwcutter bind-tools btrfs-progs clonezilla crda cryptsetup darkhttpd dcraw ddrescue device-mapper dhclient diffutils dmidecode dmraid dnsmasq dnsutils dosfstools e2fsprogs edk2-shell efibootmgr efitools encfs ethtool exfat-utils f2fs-tools fsarchiver gnu-netcat gpm gptfdisk grub gsfonts gucharmap hdparm hunspell inetutils ipw2100-fw ipw2200-fw irssi iwd jfsutils less lftp libdvdcss linux linux-headers linux-firmware linux-atm logrotate lsb-release lsscsi lvm2 man-db man-pages mc mdadm mlocate mtools nano ndisc6 nfs-utils nilfs-utils ntp nvme-cli os-prober partclone parted partimage pciutils perl pkgfile ppp pptpclient procps-ng psmisc python-urllib3 python-xdg refind-efi reiserfsprogs rp-pppoe rsync sdparm sg3_utils smartmontools s-nail sysfsutils syslinux testdisk tlp upower usb_modeswitch usbutils vim vpnc wget whois wireless_tools wireless-regdb wvdial x264 xapps xfsprogs xl2tpd xorg-apps xorg-fonts xorg-server xorg-server-common xorg-xinit xorg-xkill xorg-xrdb xorg-xinput mesa mesa-vdpau intel-tbb libva libva-mesa-driver libva-intel-driver libva-vdpau-driver xf86-input-elographics xf86-input-evdev xf86-input-libinput xf86-input-void xf86-input-vmmouse xf86-video-amdgpu xf86-video-ati xf86-video-dummy xf86-video-fbdev xf86-video-intel xf86-video-nouveau xf86-video-openchrome xf86-video-sisusb xf86-video-vesa xf86-video-vmware xf86-video-voodoo gvfs gvfs-afc gvfs-goa gvfs-google gvfs-gphoto2 gvfs-mtp gvfs-nfs gvfs-smb mtpfs ntfs-3g gzip p7zip unzip unrar avahi nss-mdns broadcom-wl dialog netctl net-tools networkmanager networkmanager-openconnect networkmanager-openvpn networkmanager-pptp networkmanager-vpnc mobile-broadband-provider-info modemmanager wpa_supplicant geoip nmap tcpdump openconnect openresolv openssh openvpn alsa-firmware alsa-utils gstreamer gstreamer-vaapi gst-libav gst-plugins-bad gst-plugins-base gst-plugins-good gst-plugins-ugly pulseaudio pulseaudio-alsa pulseaudio-bluetooth pulseaudio-equalizer lib32-alsa-plugins libcdio libdvdread libdvdnav archiso arch-install-scripts squashfs-tools python virtualbox-guest-dkms virtualbox-guest-utils gtk-engines gtk-engine-murrine qt5ct arc-gtk-theme papirus-icon-theme capitaine-cursors xdg-user-dirs-gtk ttf-font-awesome ttf-roboto ttf-roboto-mono noto-fonts-emoji gnome-keyring cronie chrpath expac wmctrl gtk2-perl perl-file-desktopentry intltool bash-completion zsh zsh-autosuggestions zsh-syntax-highlighting tmux curl git imagemagick neofetch numlockx w3m scrot slop htop ranger reflector rofi ripgrep syntax-highlighting mpd mpc ncmpcpp newsboat mediainfo ffmpeg ffmpegthumbnailer ffmpegthumbs streamlink youtube-dl tor privoxy xdotool xsel yad sddm qt5-svg qt5-quickcontrols2 qt5-graphicaleffects audacious gparted gufw mpv simplescreenrecorder keepassxc veracrypt firefox firefox-i18n-ru flashplugin yay-bin inxi i3lock-fancy-git fzf-extras oh-my-zsh-git zsh-fast-syntax-highlighting-git pfetch-git ttf-clear-sans nerd-fonts-hack uw-ttyp0-font cava straw-viewer-git gotop-bin timeshift pamac-aur qt5-styleplugins qgnomeplatform-git garuda-settings-manager-git garuda-settings-manager-notifier-git networkmanager-l2tp ctlos-base-skel ctlos-keyring ctlos-mirrorlist ctlos-welcome ctlcli ctl-themes ui-themes ui-ico ctlos-korla-icon ctlos-grub-themes ctlos-sddm-themes'
[2020-08-26T02:54:22+0300] [PACMAN] synchronizing package lists
[2020-08-26T02:55:08+0300] [PACMAN] Running 'pacman -r work/x86_64/airootfs -Sy --noconfirm --config=work/pacman.conf base syslinux'
[2020-08-26T02:55:08+0300] [PACMAN] synchronizing package lists
[2020-08-26T02:55:10+0300] [ALPM] transaction started
[2020-08-26T02:55:10+0300] [ALPM] reinstalled base (2-2)
[2020-08-26T02:55:10+0300] [ALPM] reinstalled syslinux (6.04.pre2.r11.gbf6db5b4-3)
[2020-08-26T02:55:10+0300] [ALPM-SCRIPTLET] 
[2020-08-26T02:55:10+0300] [ALPM-SCRIPTLET] ==> For setting up Syslinux BIOS using the syslinux-install_update script follow
[2020-08-26T02:55:10+0300] [ALPM-SCRIPTLET]     https://wiki.archlinux.org/index.php/Syslinux#Automatic_Install
[2020-08-26T02:55:10+0300] [ALPM] transaction completed
[2020-08-26T02:55:10+0300] [ALPM] running '30-systemd-update.hook'...
[2020-08-26T02:55:10+0300] [PACMAN] Running 'pacman -r work/x86_64/airootfs -Sy --noconfirm --config=work/pacman.conf haveged intel-ucode amd-ucode memtest86+ mkinitcpio mkinitcpio-archiso mkinitcpio-nfs-utils nbd'
[2020-08-26T02:55:10+0300] [PACMAN] synchronizing package lists
[2020-08-26T02:55:14+0300] [ALPM] transaction started
[2020-08-26T02:55:14+0300] [ALPM] reinstalled haveged (1.9.13-1)
[2020-08-26T02:55:14+0300] [ALPM] reinstalled intel-ucode (20200616-1)
[2020-08-26T02:55:14+0300] [ALPM] reinstalled amd-ucode (20200817.7a30af1-1)
[2020-08-26T02:55:14+0300] [ALPM] reinstalled memtest86+ (5.01-4)
[2020-08-26T02:55:14+0300] [ALPM] reinstalled mkinitcpio (28-1)
[2020-08-26T02:55:14+0300] [ALPM] reinstalled mkinitcpio-archiso (47.1-1)
[2020-08-26T02:55:14+0300] [ALPM] reinstalled mkinitcpio-nfs-utils (0.3-7)
[2020-08-26T02:55:14+0300] [ALPM] reinstalled nbd (3.20-2)
[2020-08-26T02:55:14+0300] [ALPM] transaction completed
[2020-08-26T02:55:14+0300] [ALPM] running '20-systemd-sysusers.hook'...
[2020-08-26T02:55:14+0300] [ALPM] running '30-systemd-daemon-reload.hook'...
[2020-08-26T02:55:14+0300] [ALPM-SCRIPTLET] Running in chroot, ignoring command 'daemon-reload'
[2020-08-26T02:55:14+0300] [ALPM] running '30-systemd-tmpfiles.hook'...
[2020-08-26T02:55:14+0300] [ALPM] running '30-systemd-update.hook'...
[2020-08-26T02:55:14+0300] [ALPM] running '90-mkinitcpio-install.hook'...
[2020-08-26T02:55:14+0300] [PACMAN] Running 'pacman -r work/x86_64/airootfs -Sy --noconfirm --config=work/pacman.conf base base-devel accountsservice appstream archlinux-appstream-data archlinux-keyring b43-fwcutter bind-tools btrfs-progs clonezilla crda cryptsetup darkhttpd dcraw ddrescue device-mapper dhclient diffutils dmidecode dmraid dnsmasq dnsutils dosfstools e2fsprogs edk2-shell efibootmgr efitools encfs ethtool exfat-utils f2fs-tools fsarchiver gnu-netcat gpm gptfdisk grub gsfonts gucharmap hdparm hunspell inetutils ipw2100-fw ipw2200-fw irssi iwd jfsutils less lftp libdvdcss linux linux-headers linux-firmware linux-atm logrotate lsb-release lsscsi lvm2 man-db man-pages mc mdadm mlocate mtools nano ndisc6 nfs-utils nilfs-utils ntp nvme-cli os-prober partclone parted partimage pciutils perl pkgfile ppp pptpclient procps-ng psmisc python-urllib3 python-xdg refind-efi reiserfsprogs rp-pppoe rsync sdparm sg3_utils smartmontools s-nail sysfsutils syslinux testdisk tlp upower usb_modeswitch usbutils vim vpnc wget whois wireless_tools wireless-regdb wvdial x264 xapps xfsprogs xl2tpd xorg-apps xorg-fonts xorg-server xorg-server-common xorg-xinit xorg-xkill xorg-xrdb xorg-xinput mesa mesa-vdpau intel-tbb libva libva-mesa-driver libva-intel-driver libva-vdpau-driver xf86-input-elographics xf86-input-evdev xf86-input-libinput xf86-input-void xf86-input-vmmouse xf86-video-amdgpu xf86-video-ati xf86-video-dummy xf86-video-fbdev xf86-video-intel xf86-video-nouveau xf86-video-openchrome xf86-video-sisusb xf86-video-vesa xf86-video-vmware xf86-video-voodoo gvfs gvfs-afc gvfs-goa gvfs-google gvfs-gphoto2 gvfs-mtp gvfs-nfs gvfs-smb mtpfs ntfs-3g gzip p7zip unzip unrar avahi nss-mdns broadcom-wl dialog netctl net-tools networkmanager networkmanager-openconnect networkmanager-openvpn networkmanager-pptp networkmanager-vpnc mobile-broadband-provider-info modemmanager wpa_supplicant geoip nmap tcpdump openconnect openresolv openssh openvpn alsa-firmware alsa-utils gstreamer gstreamer-vaapi gst-libav gst-plugins-bad gst-plugins-base gst-plugins-good gst-plugins-ugly pulseaudio pulseaudio-alsa pulseaudio-bluetooth pulseaudio-equalizer lib32-alsa-plugins libcdio libdvdread libdvdnav archiso arch-install-scripts squashfs-tools python virtualbox-guest-dkms virtualbox-guest-utils gtk-engines gtk-engine-murrine qt5ct arc-gtk-theme papirus-icon-theme capitaine-cursors xdg-user-dirs-gtk ttf-font-awesome ttf-roboto ttf-roboto-mono noto-fonts-emoji gnome-keyring cronie chrpath expac wmctrl gtk2-perl perl-file-desktopentry intltool bash-completion zsh zsh-autosuggestions zsh-syntax-highlighting tmux curl git imagemagick neofetch numlockx w3m scrot slop htop ranger reflector rofi ripgrep syntax-highlighting mpd mpc ncmpcpp newsboat mediainfo ffmpeg ffmpegthumbnailer ffmpegthumbs streamlink youtube-dl tor privoxy xdotool xsel yad sddm qt5-svg qt5-quickcontrols2 qt5-graphicaleffects audacious gparted gufw mpv simplescreenrecorder keepassxc veracrypt firefox firefox-i18n-ru flashplugin yay-bin inxi i3lock-fancy-git fzf-extras oh-my-zsh-git zsh-fast-syntax-highlighting-git pfetch-git ttf-clear-sans nerd-fonts-hack uw-ttyp0-font cava straw-viewer-git gotop-bin timeshift pamac-aur qt5-styleplugins qgnomeplatform-git garuda-settings-manager-git garuda-settings-manager-notifier-git networkmanager-l2tp ctlos-base-skel ctlos-keyring ctlos-mirrorlist ctlos-welcome ctlcli ctl-themes ui-themes ui-ico ctlos-korla-icon ctlos-grub-themes ctlos-sddm-themes'
[2020-08-26T02:55:14+0300] [PACMAN] synchronizing package lists
[2020-08-26T03:13:23+0300] [PACMAN] Running 'pacman -r work/x86_64/airootfs -Sy --config=work/pacman.conf base syslinux'
[2020-08-26T03:13:23+0300] [PACMAN] synchronizing package lists
[2020-08-26T03:13:55+0300] [PACMAN] Running 'pacman -r work/x86_64/airootfs -Sy --config=work/pacman.conf base syslinux'
[2020-08-26T03:13:55+0300] [PACMAN] synchronizing package lists
[2020-08-26T03:14:03+0300] [PACMAN] Running 'pacman -r work/x86_64/airootfs -Sy --config=work/pacman.conf base syslinux'
[2020-08-26T03:14:03+0300] [PACMAN] synchronizing package lists
[2020-08-26T03:14:46+0300] [PACMAN] Running 'pacman -r work/x86_64/airootfs -Sy --config=work/pacman.conf base syslinux'
[2020-08-26T03:14:46+0300] [PACMAN] synchronizing package lists
[2020-08-26T03:41:16+0300] [PACMAN] Running 'pacman -r work/x86_64/airootfs -Sy --needed --config=work/pacman.conf base syslinux'
[2020-08-26T03:41:16+0300] [PACMAN] synchronizing package lists
[2020-08-26T03:44:49+0300] [PACMAN] Running 'pacman -r work/x86_64/airootfs -Sy --needed --config=work/pacman.conf base syslinux'
[2020-08-26T03:44:49+0300] [PACMAN] synchronizing package lists
[2020-08-26T03:45:18+0300] [PACMAN] Running 'pacman -r work/x86_64/airootfs -Sy --needed --config=work/pacman.conf base syslinux'
[2020-08-26T03:45:18+0300] [PACMAN] synchronizing package lists
[2020-08-26T04:37:26+0300] [PACMAN] Running 'pacman -r work/x86_64/airootfs -Sy --needed --config=work/pacman.conf base syslinux'
[2020-08-26T04:37:26+0300] [PACMAN] synchronizing package lists
[2020-08-26T04:41:13+0300] [PACMAN] Running 'pacman -r work/x86_64/airootfs -Sy --needed --config=work/pacman.conf base syslinux'
[2020-08-26T04:41:13+0300] [PACMAN] synchronizing package lists
[2020-08-30T13:20:48+0300] [PACMAN] Running 'pacman -r work/x86_64/airootfs -Sy --needed --config=work/pacman.conf base syslinux'
[2020-08-30T13:20:48+0300] [PACMAN] synchronizing package lists
